<?xml version="1.0" encoding="UTF-8"?>
<testsuite xmlns:xsi="http://www.w3.org/2001/XMLSchema-instance" xsi:noNamespaceSchemaLocation="https://maven.apache.org/surefire/maven-surefire-plugin/xsd/surefire-test-report-3.0.xsd" version="3.0" name="com.example.classes.ClassControllerTest" time="6.196" tests="13" errors="0" skipped="0" failures="0">
  <properties>
[...]
</properties>
  <testcase name="testDeleteClass" classname="com.example.classes.ClassControllerTest" time="0.327">
    <system-out><![CDATA[00:32:18.371 [main] INFO org.springframework.test.context.support.AnnotationConfigContextLoaderUtils -- Could not detect default configuration classes for test class [com.example.classes.ClassControllerTest]: ClassControllerTest does not declare any static, non-private, non-final, nested classes annotated with @Configuration.
00:32:18.647 [main] INFO org.springframework.boot.test.context.SpringBootTestContextBootstrapper -- Found @SpringBootConfiguration com.example.classes.ClassApplication for test class com.example.classes.ClassControllerTest

  .   ____          _            __ _ _
 /\\ / ___'_ __ _ _(_)_ __  __ _ \ \ \ \
( ( )\___ | '_ | '_| | '_ \/ _` | \ \ \ \
 \\/  ___)| |_)| | | | | || (_| |  ) ) ) )
  '  |____| .__|_| |_|_| |_\__, | / / / /
 =========|_|==============|___/=/_/_/_/

 :: Spring Boot ::                (v3.3.3)

2025-11-02T00:32:19.480+01:00  INFO 12388 --- [           main] c.example.classes.ClassControllerTest    : Starting ClassControllerTest using Java 17.0.12 with PID 12388 (started by elmar in C:\GitHub\GitHub\M321_NotenVerwaltung_EK_AG_RS_JJ\school-system\class-service)
2025-11-02T00:32:19.483+01:00  INFO 12388 --- [           main] c.example.classes.ClassControllerTest    : No active profile set, falling back to 1 default profile: "default"
2025-11-02T00:32:23.413+01:00  INFO 12388 --- [           main] o.s.b.t.m.w.SpringBootMockServletContext : Initializing Spring TestDispatcherServlet ''
2025-11-02T00:32:23.413+01:00  INFO 12388 --- [           main] o.s.t.web.servlet.TestDispatcherServlet  : Initializing Servlet ''
2025-11-02T00:32:23.418+01:00  INFO 12388 --- [           main] o.s.t.web.servlet.TestDispatcherServlet  : Completed initialization in 2 ms
2025-11-02T00:32:23.478+01:00  INFO 12388 --- [           main] c.example.classes.ClassControllerTest    : Started ClassControllerTest in 4.678 seconds (process running for 6.649)
]]></system-out>
  </testcase>
  <testcase name="testCreateClass" classname="com.example.classes.ClassControllerTest" time="0.211"/>
  <testcase name="testChangeTeacherSuccess" classname="com.example.classes.ClassControllerTest" time="0.013"/>
  <testcase name="testGetAllClasses" classname="com.example.classes.ClassControllerTest" time="0.019"/>
  <testcase name="testRemoveStudentFromClassNotFound" classname="com.example.classes.ClassControllerTest" time="0.015"/>
  <testcase name="testUpdateClassSuccess" classname="com.example.classes.ClassControllerTest" time="0.013"/>
  <testcase name="testGetClassByIdFound" classname="com.example.classes.ClassControllerTest" time="0.01"/>
  <testcase name="testChangeTeacherNotFound" classname="com.example.classes.ClassControllerTest" time="0.009"/>
  <testcase name="testUpdateClassNotFound" classname="com.example.classes.ClassControllerTest" time="0.011"/>
  <testcase name="testGetClassByIdNotFound" classname="com.example.classes.ClassControllerTest" time="0.009"/>
  <testcase name="testAddStudentToClassSuccess" classname="com.example.classes.ClassControllerTest" time="0.01"/>
  <testcase name="testRemoveStudentFromClassSuccess" classname="com.example.classes.ClassControllerTest" time="0.008"/>
  <testcase name="testAddStudentToClassNotFound" classname="com.example.classes.ClassControllerTest" time="0.009"/>
</testsuite>